\BOOKMARK [1][-]{section*.1}{Abbildungsverzeichnis}{}% 1
\BOOKMARK [1][-]{section*.2}{Tabellenverzeichnis}{}% 2
\BOOKMARK [1][-]{section.1}{Einleitung}{}% 3
\BOOKMARK [2][-]{subsection.1.1}{Ausgangslage und Problemstellung}{section.1}% 4
\BOOKMARK [2][-]{subsection.1.2}{Aufbau und Methodik}{section.1}% 5
\BOOKMARK [2][-]{subsection.1.3}{Zielsetzung}{section.1}% 6
\BOOKMARK [1][-]{section.2}{Datenmanagement}{}% 7
\BOOKMARK [2][-]{subsection.2.1}{Datennutzung}{section.2}% 8
\BOOKMARK [3][-]{subsubsection.2.1.1}{Use Case}{subsection.2.1}% 9
\BOOKMARK [3][-]{subsubsection.2.1.2}{Entscheidungsgrundlage}{subsection.2.1}% 10
\BOOKMARK [2][-]{subsection.2.2}{Datenarchitektur}{section.2}% 11
\BOOKMARK [2][-]{subsection.2.3}{Datenadministration}{section.2}% 12
\BOOKMARK [2][-]{subsection.2.4}{Datentechnik}{section.2}% 13
\BOOKMARK [2][-]{subsection.2.5}{\334bersicht Architektur des Projektes}{section.2}% 14
\BOOKMARK [1][-]{section.3}{Datenmodellierung}{}% 15
\BOOKMARK [2][-]{subsection.3.1}{Datenmodell}{section.3}% 16
\BOOKMARK [2][-]{subsection.3.2}{Datenbankschema}{section.3}% 17
\BOOKMARK [1][-]{section.4}{Datenbanksprache}{}% 18
\BOOKMARK [2][-]{subsection.4.1}{Verbindungsaufbau}{section.4}% 19
\BOOKMARK [2][-]{subsection.4.2}{Join}{section.4}% 20
\BOOKMARK [2][-]{subsection.4.3}{Aggregation}{section.4}% 21
\BOOKMARK [2][-]{subsection.4.4}{Gruppierung}{section.4}% 22
\BOOKMARK [2][-]{subsection.4.5}{Selektion und Projektion}{section.4}% 23
\BOOKMARK [2][-]{subsection.4.6}{Verschachtelung von Queries}{section.4}% 24
\BOOKMARK [1][-]{section.5}{Systemarchitektur}{}% 25
\BOOKMARK [2][-]{subsection.5.1}{Aufbau, Installation Server}{section.5}% 26
\BOOKMARK [2][-]{subsection.5.2}{Quelle und Import der Daten}{section.5}% 27
\BOOKMARK [2][-]{subsection.5.3}{Optimierung Performance}{section.5}% 28
\BOOKMARK [3][-]{subsubsection.5.3.1}{Schema}{subsection.5.3}% 29
\BOOKMARK [3][-]{subsubsection.5.3.2}{Queries}{subsection.5.3}% 30
\BOOKMARK [3][-]{subsubsection.5.3.3}{Indexing}{subsection.5.3}% 31
\BOOKMARK [3][-]{subsubsection.5.3.4}{Hardware}{subsection.5.3}% 32
\BOOKMARK [2][-]{subsection.5.4}{Sicherheitsaspekte}{section.5}% 33
\BOOKMARK [3][-]{subsubsection.5.4.1}{Netzwerk}{subsection.5.4}% 34
\BOOKMARK [3][-]{subsubsection.5.4.2}{Usermanagement}{subsection.5.4}% 35
\BOOKMARK [3][-]{subsubsection.5.4.3}{Applicationlayer}{subsection.5.4}% 36
\BOOKMARK [1][-]{section.6}{Resultate}{}% 37
\BOOKMARK [2][-]{subsection.6.1}{User-Story}{section.6}% 38
\BOOKMARK [2][-]{subsection.6.2}{Auswertung Projektteam}{section.6}% 39
\BOOKMARK [3][-]{subsubsection.6.2.1}{Generelle Erkenntnisse}{subsection.6.2}% 40
\BOOKMARK [3][-]{subsubsection.6.2.2}{Kategorien}{subsection.6.2}% 41
\BOOKMARK [2][-]{subsection.6.3}{Zugriff Webseite}{section.6}% 42
\BOOKMARK [1][-]{section.7}{Diskussion}{}% 43
\BOOKMARK [1][-]{section.8}{R\374ckblick}{}% 44
\BOOKMARK [2][-]{subsection.8.1}{Beitr\344ge}{section.8}% 45
\BOOKMARK [2][-]{subsection.8.2}{Erkentnisse}{section.8}% 46
\BOOKMARK [2][-]{subsection.8.3}{Lessons Learned}{section.8}% 47
\BOOKMARK [1][-]{section.9}{Anhang}{}% 48
\BOOKMARK [1][-]{section*.22}{Literatur}{}% 49
